#
# There is insufficient memory for the Java Runtime Environment to continue.
# Native memory allocation (mmap) failed to map 132120576 bytes for G1 virtual space
# Possible reasons:
#   The system is out of physical RAM or swap space
#   The process is running with CompressedOops enabled, and the Java Heap may be blocking the growth of the native heap
# Possible solutions:
#   Reduce memory load on the system
#   Increase physical memory or swap space
#   Check if swap backing store is full
#   Decrease Java heap size (-Xmx/-Xms)
#   Decrease number of Java threads
#   Decrease Java thread stack sizes (-Xss)
#   Set larger code cache with -XX:ReservedCodeCacheSize=
#   JVM is running with Unscaled Compressed Oops mode in which the Java heap is
#     placed in the first 4GB address space. The Java Heap base address is the
#     maximum limit for the native heap growth. Please use -XX:HeapBaseMinAddress
#     to set the Java Heap base and to place the Java Heap above 4GB virtual address.
# This output file may be truncated or incomplete.
#
#  Out of Memory Error (os_windows.cpp:3532), pid=26548, tid=48976
#
# JRE version:  (17.0.2+8) (build )
# Java VM: OpenJDK 64-Bit Server VM (17.0.2+8, mixed mode, sharing, tiered, compressed oops, compressed class ptrs, g1 gc, windows-amd64)
# No core dump will be written. Minidumps are not enabled by default on client versions of Windows
#

---------------  S U M M A R Y ------------

Command Line: --module-path=C:/Users/33660/OneDrive/Documents/4IF/javafx-sdk-19/lib --add-modules=javafx.controls -Dfile.encoding=UTF-8 -XX:+ShowCodeDetailsInExceptionMessages view.Window

Host: Intel(R) Core(TM) i5-8250U CPU @ 1.60GHz, 8 cores, 7G,  Windows 11 , 64 bit Build 22000 (10.0.22000.1219)
Time: Tue Dec 13 16:42:36 2022 Paris, Madrid elapsed time: 0.028606 seconds (0d 0h 0m 0s)

---------------  T H R E A D  ---------------

Current thread (0x000002162454b0e0):  JavaThread "Unknown thread" [_thread_in_vm, id=48976, stack(0x0000002873d00000,0x0000002873e00000)]

Stack: [0x0000002873d00000,0x0000002873e00000]
Native frames: (J=compiled Java code, j=interpreted, Vv=VM code, C=native code)
V  [jvm.dll+0x67564a]
V  [jvm.dll+0x82fc04]
V  [jvm.dll+0x8313ae]
V  [jvm.dll+0x831a13]
V  [jvm.dll+0x245235]
V  [jvm.dll+0x672539]
V  [jvm.dll+0x666e82]
V  [jvm.dll+0x30401b]
V  [jvm.dll+0x30b566]
V  [jvm.dll+0x35b1fe]
V  [jvm.dll+0x35b42f]
V  [jvm.dll+0x2daf58]
V  [jvm.dll+0x2dbec4]
V  [jvm.dll+0x801881]
V  [jvm.dll+0x368f81]
V  [jvm.dll+0x7e0cdc]
V  [jvm.dll+0x3eb8bf]
V  [jvm.dll+0x3ed441]
C  [jli.dll+0x5277]
C  [ucrtbase.dll+0x26c0c]
C  [KERNEL32.DLL+0x15550]
C  [ntdll.dll+0x485b]


---------------  P R O C E S S  ---------------

Threads class SMR info:
_java_thread_list=0x00007ffbd8935e98, length=0, elements={
}

Java Threads: ( => current thread )

Other Threads:
  0x0000021624587d10 GCTaskThread "GC Thread#0" [stack: 0x0000002873e00000,0x0000002873f00000] [id=45992]
  0x0000021624598790 ConcurrentGCThread "G1 Main Marker" [stack: 0x0000002873f00000,0x0000002874000000] [id=33104]
  0x0000021624599aa0 ConcurrentGCThread "G1 Conc#0" [stack: 0x0000002874000000,0x0000002874100000] [id=44672]

[error occurred during error reporting (printing all threads), id 0xc0000005, EXCEPTION_ACCESS_VIOLATION (0xc0000005) at pc=0x00007ffbd810b9d7]

VM state: not at safepoint (not fully initialized)

VM Mutex/Monitor currently owned by a thread:  ([mutex/lock_event])
[0x0000021624544a60] Heap_lock - owner thread: 0x000002162454b0e0

Heap address: 0x0000000082600000, size: 2010 MB, Compressed Oops mode: 32-bit

CDS archive(s) mapped at: [0x0000000000000000-0x0000000000000000-0x0000000000000000), size 0, SharedBaseAddress: 0x0000000800000000, ArchiveRelocationMode: 0.
Narrow klass base: 0x0000000000000000, Narrow klass shift: 0, Narrow klass range: 0x0

GC Precious Log:
<Empty>

Heap:
 garbage-first heap   total 0K, used 0K [0x0000000082600000, 0x0000000100000000)
  region size 1024K, 0 young (0K), 0 survivors (0K)

[error occurred during error reporting (printing heap information), id 0xc0000005, EXCEPTION_ACCESS_VIOLATION (0xc0000005) at pc=0x00007ffbd84ee899]

GC Heap History (0 events):
No events

Deoptimization events (0 events):
No events

Classes unloaded (0 events):
No events

Classes redefined (0 events):
No events

Internal exceptions (0 events):
No events

VM Operations (0 events):
No events

Events (1 events):
Event: 0.016 Loaded shared library C:\Users\33660\.p2\pool\plugins\org.eclipse.justj.openjdk.hotspot.jre.full.win32.x86_64_17.0.2.v20220201-1208\jre\bin\java.dll


Dynamic libraries:
0x00007ff6ccdf0000 - 0x00007ff6ccdfe000 	C:\Users\33660\.p2\pool\plugins\org.eclipse.justj.openjdk.hotspot.jre.full.win32.x86_64_17.0.2.v20220201-1208\jre\bin\javaw.exe
0x00007ffc1dfc0000 - 0x00007ffc1e1c9000 	C:\WINDOWS\SYSTEM32\ntdll.dll
0x00007ffc1bf40000 - 0x00007ffc1bffe000 	C:\WINDOWS\System32\KERNEL32.DLL
0x00007ffc1b490000 - 0x00007ffc1b80b000 	C:\WINDOWS\System32\KERNELBASE.dll
0x00007ffc1bd20000 - 0x00007ffc1be31000 	C:\WINDOWS\System32\ucrtbase.dll
0x00007ffc13b00000 - 0x00007ffc13b18000 	C:\Users\33660\.p2\pool\plugins\org.eclipse.justj.openjdk.hotspot.jre.full.win32.x86_64_17.0.2.v20220201-1208\jre\bin\jli.dll
0x00007ffc12b60000 - 0x00007ffc12b79000 	C:\Users\33660\.p2\pool\plugins\org.eclipse.justj.openjdk.hotspot.jre.full.win32.x86_64_17.0.2.v20220201-1208\jre\bin\VCRUNTIME140.dll
0x00007ffc1c4b0000 - 0x00007ffc1c65d000 	C:\WINDOWS\System32\USER32.dll
0x00007ffc117e0000 - 0x00007ffc11a85000 	C:\WINDOWS\WinSxS\amd64_microsoft.windows.common-controls_6595b64144ccf1df_6.0.22000.120_none_9d947278b86cc467\COMCTL32.dll
0x00007ffc1baa0000 - 0x00007ffc1bac6000 	C:\WINDOWS\System32\win32u.dll
0x00007ffc1d420000 - 0x00007ffc1d4c3000 	C:\WINDOWS\System32\msvcrt.dll
0x00007ffc1de70000 - 0x00007ffc1de99000 	C:\WINDOWS\System32\GDI32.dll
0x00007ffc1b810000 - 0x00007ffc1b928000 	C:\WINDOWS\System32\gdi32full.dll
0x00007ffc1bc80000 - 0x00007ffc1bd1d000 	C:\WINDOWS\System32\msvcp_win.dll
0x00007ffc1c080000 - 0x00007ffc1c0b2000 	C:\WINDOWS\System32\IMM32.DLL
0x00007ffc181d0000 - 0x00007ffc181dc000 	C:\Users\33660\.p2\pool\plugins\org.eclipse.justj.openjdk.hotspot.jre.full.win32.x86_64_17.0.2.v20220201-1208\jre\bin\vcruntime140_1.dll
0x00007ffbeb990000 - 0x00007ffbeba21000 	C:\Users\33660\.p2\pool\plugins\org.eclipse.justj.openjdk.hotspot.jre.full.win32.x86_64_17.0.2.v20220201-1208\jre\bin\msvcp140.dll
0x00007ffbd7e20000 - 0x00007ffbd8a67000 	C:\Users\33660\.p2\pool\plugins\org.eclipse.justj.openjdk.hotspot.jre.full.win32.x86_64_17.0.2.v20220201-1208\jre\bin\server\jvm.dll
0x00007ffc1ce80000 - 0x00007ffc1cf2e000 	C:\WINDOWS\System32\ADVAPI32.dll
0x00007ffc1d950000 - 0x00007ffc1d9ee000 	C:\WINDOWS\System32\sechost.dll
0x00007ffc1c2c0000 - 0x00007ffc1c3e0000 	C:\WINDOWS\System32\RPCRT4.dll
0x00007ffc1c3e0000 - 0x00007ffc1c3e8000 	C:\WINDOWS\System32\PSAPI.DLL
0x00007ffc07070000 - 0x00007ffc07079000 	C:\WINDOWS\SYSTEM32\WSOCK32.dll
0x00007ffc15550000 - 0x00007ffc15583000 	C:\WINDOWS\SYSTEM32\WINMM.dll
0x00007ffc14500000 - 0x00007ffc1450a000 	C:\WINDOWS\SYSTEM32\VERSION.dll
0x00007ffc1c000000 - 0x00007ffc1c06f000 	C:\WINDOWS\System32\WS2_32.dll
0x00007ffc1a4d0000 - 0x00007ffc1a4e8000 	C:\WINDOWS\SYSTEM32\kernel.appcore.dll
0x00007ffc16890000 - 0x00007ffc1689a000 	C:\Users\33660\.p2\pool\plugins\org.eclipse.justj.openjdk.hotspot.jre.full.win32.x86_64_17.0.2.v20220201-1208\jre\bin\jimage.dll
0x00007ffc18f40000 - 0x00007ffc19161000 	C:\WINDOWS\SYSTEM32\DBGHELP.DLL
0x00007ffc13a90000 - 0x00007ffc13ac1000 	C:\WINDOWS\SYSTEM32\dbgcore.DLL
0x00007ffc1bc00000 - 0x00007ffc1bc7f000 	C:\WINDOWS\System32\bcryptPrimitives.dll
0x00007ffc12ae0000 - 0x00007ffc12b05000 	C:\Users\33660\.p2\pool\plugins\org.eclipse.justj.openjdk.hotspot.jre.full.win32.x86_64_17.0.2.v20220201-1208\jre\bin\java.dll

dbghelp: loaded successfully - version: 4.0.5 - missing functions: none
symbol engine: initialized successfully - sym options: 0x614 - pdb path: .;C:\Users\33660\.p2\pool\plugins\org.eclipse.justj.openjdk.hotspot.jre.full.win32.x86_64_17.0.2.v20220201-1208\jre\bin;C:\WINDOWS\SYSTEM32;C:\WINDOWS\WinSxS\amd64_microsoft.windows.common-controls_6595b64144ccf1df_6.0.22000.120_none_9d947278b86cc467;C:\Users\33660\.p2\pool\plugins\org.eclipse.justj.openjdk.hotspot.jre.full.win32.x86_64_17.0.2.v20220201-1208\jre\bin\server

VM Arguments:
jvm_args: --module-path=C:/Users/33660/OneDrive/Documents/4IF/javafx-sdk-19/lib --add-modules=javafx.controls -Dfile.encoding=UTF-8 -XX:+ShowCodeDetailsInExceptionMessages 
java_command: view.Window
java_class_path (initial): C:\Users\33660\OneDrive\Documents\4IF\Deliver-IF\target\classes;C:\Users\33660\OneDrive\Documents\4IF\Jars_deliverif\hamcrest-core-1.3.jar;C:\Users\33660\OneDrive\Documents\4IF\Jars_deliverif\jackson-annotations-2.14.1.jar;C:\Users\33660\OneDrive\Documents\4IF\Jars_deliverif\jackson-core-2.14.1.jar;C:\Users\33660\OneDrive\Documents\4IF\Jars_deliverif\jackson-databind-2.14.1.jar;C:\Users\33660\OneDrive\Documents\4IF\Jars_deliverif\javafx.base.jar;C:\Users\33660\OneDrive\Documents\4IF\Jars_deliverif\javafx.controls.jar;C:\Users\33660\OneDrive\Documents\4IF\Jars_deliverif\javafx.fxml.jar;C:\Users\33660\OneDrive\Documents\4IF\Jars_deliverif\javafx.graphics.jar;C:\Users\33660\OneDrive\Documents\4IF\Jars_deliverif\javafx.media.jar;C:\Users\33660\OneDrive\Documents\4IF\Jars_deliverif\javafx.swing.jar;C:\Users\33660\OneDrive\Documents\4IF\Jars_deliverif\javafx.web.jar;C:\Users\33660\OneDrive\Documents\4IF\Jars_deliverif\javafx-base-16.jar;C:\Users\33660\OneDrive\Documents\4IF\Jars_deliverif\javafx-base-16-linux.jar;C:\Users\33660\OneDrive\Documents\4IF\Jars_deliverif\javafx-controls-16.jar;C:\Users\33660\OneDrive\Documents\4IF\Jars_deliverif\javafx-controls-16-linux.jar;C:\Users\33660\OneDrive\Documents\4IF\Jars_deliverif\javafx-graphics-16.jar;C:\Users\33660\OneDrive\Documents\4IF\Jars_deliverif\javafx-graphics-16-linux.jar;C:\Users\33660\OneDrive\Documents\4IF\Jars_deliverif\javafx-swt.jar;C:\Users\33660\OneDrive\Documents\4IF\Jars_deliverif\json-1.1.jar;C:\Users\33660\OneDrive\Documents\4IF\Jars_deliverif\json-20180813.jar;C:\Users\33660\OneDrive\Documents\4IF\Jars_deliverif\json-simple-1.1.jar;C:\Users\33660\OneDrive\Documents\4IF\Jars_deliverif\junit-4.13.2.jar;C:\Users\33660\OneDrive\Documents\4IF\Jars_deliverif\maps-2.0.0-ea+6.jar;C:\Users\33660\OneDrive\Documents\4IF\Jars_deliverif\rest-1.1.jar;C:\Users\33660\OneDrive\Documents\4IF\Jars_deliverif\rest-1.1-tests.jar;C:\Users\33660\OneDrive\Documents\4IF\Jars_deliverif\storage-4.0.11.jar;C
Launcher Type: SUN_STANDARD

[Global flags]
     intx CICompilerCount                          = 4                                         {product} {ergonomic}
     uint ConcGCThreads                            = 2                                         {product} {ergonomic}
     uint G1ConcRefinementThreads                  = 8                                         {product} {ergonomic}
   size_t G1HeapRegionSize                         = 1048576                                   {product} {ergonomic}
    uintx GCDrainStackTargetSize                   = 64                                        {product} {ergonomic}
   size_t InitialHeapSize                          = 132120576                                 {product} {ergonomic}
   size_t MarkStackSize                            = 4194304                                   {product} {ergonomic}
   size_t MaxHeapSize                              = 2107637760                                {product} {ergonomic}
   size_t MinHeapDeltaBytes                        = 1048576                                   {product} {ergonomic}
   size_t MinHeapSize                              = 8388608                                   {product} {ergonomic}
    uintx NonNMethodCodeHeapSize                   = 5839372                                {pd product} {ergonomic}
    uintx NonProfiledCodeHeapSize                  = 122909434                              {pd product} {ergonomic}
    uintx ProfiledCodeHeapSize                     = 122909434                              {pd product} {ergonomic}
    uintx ReservedCodeCacheSize                    = 251658240                              {pd product} {ergonomic}
     bool SegmentedCodeCache                       = true                                      {product} {ergonomic}
     bool ShowCodeDetailsInExceptionMessages       = true                                   {manageable} {command line}
   size_t SoftMaxHeapSize                          = 2107637760                             {manageable} {ergonomic}
     bool UseCompressedClassPointers               = true                           {product lp64_product} {ergonomic}
     bool UseCompressedOops                        = true                           {product lp64_product} {ergonomic}
     bool UseG1GC                                  = true                                      {product} {ergonomic}
     bool UseLargePagesIndividualAllocation        = false                                  {pd product} {ergonomic}

Logging:
Log output configuration:
 #0: stdout all=warning uptime,level,tags
 #1: stderr all=off uptime,level,tags

Environment Variables:
JAVA_HOME=C:\Program Files\Java\jdk-13.0.2
PATH=C:/Users/33660/.p2/pool/plugins/org.eclipse.justj.openjdk.hotspot.jre.full.win32.x86_64_17.0.5.v20221102-0933/jre/bin/server;C:/Users/33660/.p2/pool/plugins/org.eclipse.justj.openjdk.hotspot.jre.full.win32.x86_64_17.0.5.v20221102-0933/jre/bin;C:\Program Files (x86)\Intel\Intel(R) Management Engine Components\iCLS\;C:\Program Files\Intel\Intel(R) Management Engine Components\iCLS\;C:\Windows\system32;C:\Windows;C:\Windows\System32\Wbem;C:\Windows\System32\WindowsPowerShell\v1.0\;C:\Windows\System32\OpenSSH\;C:\Program Files (x86)\Intel\Intel(R) Management Engine Components\DAL;C:\Program Files\Intel\Intel(R) Management Engine Components\DAL;C:\Program Files (x86)\Intel\Intel(R) Management Engine Components\IPT;C:\Program Files\Intel\Intel(R) Management Engine Components\IPT;C:\Program Files (x86)\NVIDIA Corporation\PhysX\Common;C:\Program Files\Intel\WiFi\bin\;C:\Program Files\Common Files\Intel\WirelessCommon\;C:\WINDOWS\system32;C:\WINDOWS;C:\WINDOWS\System32\Wbem;C:\WINDOWS\System32\WindowsPowerShell\v1.0\;C:\WINDOWS\System32\OpenSSH\;c:\php;C:\ProgramData\chocolatey\bin;C:\ProgramData\chocolatey\lib\maven\apache-maven-3.6.3\bin;C:\Program Files\OpenJDK\jdk-13.0.2\bin;C:\Program Files\MATLAB\R2021b\bin;C:\Program Files (x86)\dotnet\;C:\Program Files\Git\cmd;C:\Program Files\MySQL\MySQL Shell 8.0\bin\;C:\Users\33660\AppData\Local\Microsoft\WindowsApps;C:\Users\33660\AppData\Local\gitkraken\bin;C:\Users\33660\AppData\Local\Microsoft\WindowsApps;C:\Users\33660\AppData\Local\Programs\Microsoft VS Code\bin;C:\ProgramData\33660\GitHubDesktop\bin;C:\Users\33660\AppData\Local\GitHubDesktop\bin;C:\Program Files\swipl\bin;C:\WINDOWS\system32;
USERNAME=33660
OS=Windows_NT
PROCESSOR_IDENTIFIER=Intel64 Family 6 Model 142 Stepping 10, GenuineIntel



---------------  S Y S T E M  ---------------

OS:
 Windows 11 , 64 bit Build 22000 (10.0.22000.1219)
OS uptime: 19 days 14:42 hours
Hyper-V role detected

CPU: total 8 (initial active 8) (4 cores per cpu, 2 threads per core) family 6 model 142 stepping 10 microcode 0xe0, cx8, cmov, fxsr, ht, mmx, 3dnowpref, sse, sse2, sse3, ssse3, sse4.1, sse4.2, popcnt, lzcnt, tsc, tscinvbit, avx, avx2, aes, erms, clmul, bmi1, bmi2, adx, fma, vzeroupper, clflush, clflushopt, hv

Memory: 4k page, system-wide physical 8034M (807M free)
TotalPageFile size 26320M (AvailPageFile size 103M)
current process WorkingSet (physical memory assigned to process): 10M, peak: 10M
current process commit charge ("private bytes"): 60M, peak: 185M

vm_info: OpenJDK 64-Bit Server VM (17.0.2+8) for windows-amd64 JRE (17.0.2+8), built on Jan 20 2022 04:52:34 by "" with MS VC++ 16.7 (VS2019)

END.
